SLF4J: Failed to load class "org.slf4j.impl.StaticLoggerBinder".
SLF4J: Defaulting to no-operation (NOP) logger implementation
SLF4J: See http://www.slf4j.org/codes.html#StaticLoggerBinder for further details.
[main] INFO ShardManager - Login Successful!
SLF4J: Failed to load class "org.slf4j.impl.StaticMDCBinder".
SLF4J: Defaulting to no-operation MDCAdapter implementation.
SLF4J: See http://www.slf4j.org/codes.html#no_static_mdc_binder for further details.
[JDA [0 / 1] MainWS-ReadThread] INFO WebSocketClient - Connected to WebSocket
[THREAD] Created Thread: Thread[TrackLoader,5,main]
[JDA [0 / 1] MainWS-ReadThread] INFO JDA - Finished Loading!
[DEBUG] Loading: https://spotify.link/OjlAqyYY5Cb
[THREAD] Created Thread: Thread[GuildMusicManager for 657555561528688640 - Test,5,main]
[DEBUG] Expanding URL: https://open.spotify.com/track/6tAKikIvnoWfUeZrfkopLL
[DEBUG] Loading Spotify Song: https://open.spotify.com/track/6tAKikIvnoWfUeZrfkopLL
se.michaelthelin.spotify.requests.authorization.client_credentials.ClientCredentialsRequest@26903ca3
[DEBUG] Queued Spotify Song: https://open.spotify.com/track/6tAKikIvnoWfUeZrfkopLL
[DEBUG] Loading: https://open.spotify.com/playlist/5MZdFZPWLXCicjpQU0TFXI?si=4a243d64a6544f9f
[DEBUG] Loading Spotify List: https://open.spotify.com/playlist/5MZdFZPWLXCicjpQU0TFXI?si=4a243d64a6544f9f
[DEBUG] Queued Spotify List: https://open.spotify.com/playlist/5MZdFZPWLXCicjpQU0TFXI?si=4a243d64a6544f9f
[DEBUG] Loading: https://open.spotify.com/intl-de/track/29zwgc4tSBBcnTRSdkeu6h?si=1c8d04883f5147b3
[THREAD] Created Thread: Thread[GuildMusicManager for 657555561528688640 - Test,5,main]
[DEBUG] Loading Spotify Song: https://open.spotify.com/intl-de/track/29zwgc4tSBBcnTRSdkeu6h?si=1c8d04883f5147b3
[DEBUG] Queued Spotify Song: https://open.spotify.com/intl-de/track/29zwgc4tSBBcnTRSdkeu6h?si=1c8d04883f5147b3
[DEBUG] Loading: cheeseburger - Caleb gordon
[DEBUG] Loading YT Search: cheeseburger - Caleb gordon
