SLF4J: Failed to load class "org.slf4j.impl.StaticLoggerBinder".
SLF4J: Defaulting to no-operation (NOP) logger implementation
SLF4J: See http://www.slf4j.org/codes.html#StaticLoggerBinder for further details.
[main] INFO ShardManager - Login Successful!
SLF4J: Failed to load class "org.slf4j.impl.StaticMDCBinder".
SLF4J: Defaulting to no-operation MDCAdapter implementation.
SLF4J: See http://www.slf4j.org/codes.html#no_static_mdc_binder for further details.
[JDA [0 / 1] MainWS-ReadThread] INFO WebSocketClient - Connected to WebSocket
[THREAD] Created Thread: Thread[TrackLoader,5,main]
[JDA [0 / 1] MainWS-ReadThread] INFO JDA - Finished Loading!
[DEBUG] Loading: https://spotify.link/OjlAqyYY5Cb
[THREAD] Created Thread: Thread[GuildMusicManager for 657555561528688640 - Test,5,main]
[DEBUG] Expanding URL: https://open.spotify.com/track/6tAKikIvnoWfUeZrfkopLL
[DEBUG] Loading Spotify Song: https://open.spotify.com/track/6tAKikIvnoWfUeZrfkopLL
0f305b77f26045a8865dd34c355197ed
0f305b77f26045a8865dd34c355197ed
se.michaelthelin.spotify.requests.authorization.client_credentials.ClientCredentialsRequest@74d102c9
se.michaelthelin.spotify.exceptions.detailed.BadRequestException: Invalid client
	at se.michaelthelin.spotify.SpotifyHttpManager.getResponseBody(SpotifyHttpManager.java:334)
	at se.michaelthelin.spotify.SpotifyHttpManager.post(SpotifyHttpManager.java:197)
	at se.michaelthelin.spotify.requests.AbstractRequest.postJson(AbstractRequest.java:122)
	at se.michaelthelin.spotify.requests.authorization.client_credentials.ClientCredentialsRequest.execute(ClientCredentialsRequest.java:36)
	at bot.music.LinkConverter.initializeSpotify(LinkConverter.java:221)
	at bot.music.LinkConverter.loadSpotify(LinkConverter.java:256)
	at bot.music.LinkConverter.addUrl(LinkConverter.java:90)
	at bot.commands.music.PlayMusicCmd.peformCommand(PlayMusicCmd.java:46)
	at bot.CommandManager.perform(CommandManager.java:74)
	at bot.listener.SlashCommandListener.onSlashCommandInteraction(SlashCommandListener.java:17)
	at net.dv8tion.jda.api.hooks.ListenerAdapter.onEvent(ListenerAdapter.java:457)
	at net.dv8tion.jda.api.hooks.InterfacedEventManager.handle(InterfacedEventManager.java:96)
	at net.dv8tion.jda.internal.hooks.EventManagerProxy.handleInternally(EventManagerProxy.java:88)
	at net.dv8tion.jda.internal.hooks.EventManagerProxy.handle(EventManagerProxy.java:70)
	at net.dv8tion.jda.internal.JDAImpl.handleEvent(JDAImpl.java:175)
	at net.dv8tion.jda.internal.handle.InteractionCreateHandler.handleCommand(InteractionCreateHandler.java:112)
	at net.dv8tion.jda.internal.handle.InteractionCreateHandler.handleInternally(InteractionCreateHandler.java:83)
	at net.dv8tion.jda.internal.handle.SocketHandler.handle(SocketHandler.java:39)
	at net.dv8tion.jda.internal.requests.WebSocketClient.onDispatch(WebSocketClient.java:1007)
	at net.dv8tion.jda.internal.requests.WebSocketClient.onEvent(WebSocketClient.java:893)
	at net.dv8tion.jda.internal.requests.WebSocketClient.handleEvent(WebSocketClient.java:871)
	at net.dv8tion.jda.internal.requests.WebSocketClient.onBinaryMessage(WebSocketClient.java:1046)
	at com.neovisionaries.ws.client.ListenerManager.callOnBinaryMessage(ListenerManager.java:385)
	at com.neovisionaries.ws.client.ReadingThread.callOnBinaryMessage(ReadingThread.java:276)
	at com.neovisionaries.ws.client.ReadingThread.handleBinaryFrame(ReadingThread.java:996)
	at com.neovisionaries.ws.client.ReadingThread.handleFrame(ReadingThread.java:755)
	at com.neovisionaries.ws.client.ReadingThread.main(ReadingThread.java:108)
	at com.neovisionaries.ws.client.ReadingThread.runMain(ReadingThread.java:64)
	at com.neovisionaries.ws.client.WebSocketThread.run(WebSocketThread.java:45)
[DEBUG] ERROR MESSAGE: _ERR_ERROR 40: Cant connect with Spotify API.
